{"time":"2024-03-21T01:50:02.416832Z","level":"INFO","msg":"successful check","url":"http://www.google.com","statusCode":200,"duration":92382084}
{"time":"2024-03-21T01:50:02.667812Z","level":"INFO","msg":"successful check","url":"http://www.yahoo.com","statusCode":200,"duration":250864667}
{"time":"2024-03-21T01:50:03.382959Z","level":"WARN","msg":"exceeded threshold","url":"http://www.aol.com","responseTime":714953375}
{"time":"2024-03-21T01:50:04.413481Z","level":"INFO","msg":"successful check","url":"http://www.google.com","statusCode":200,"duration":88511125}
{"time":"2024-03-21T01:50:04.870314Z","level":"INFO","msg":"successful check","url":"http://www.yahoo.com","statusCode":200,"duration":456562083}
{"time":"2024-03-21T01:50:05.295638Z","level":"INFO","msg":"successful check","url":"http://www.aol.com","statusCode":200,"duration":425210500}
{"time":"2024-03-21T01:50:06.800765Z","level":"INFO","msg":"successful check","url":"http://www.google.com","statusCode":200,"duration":476589333}
{"time":"2024-03-21T01:50:07.195273Z","level":"INFO","msg":"successful check","url":"http://www.yahoo.com","statusCode":200,"duration":394301917}
{"time":"2024-03-22T01:50:07.590285Z","level":"INFO","msg":"successful check","url":"http://www.aol.com","statusCode":200,"duration":394707500}
{"time":"2024-03-22T01:50:08.324856Z","level":"ERROR","msg":"failed to perform request","url":"http://www.google.com","err":"Get \"http://www.google.com\": context canceled"}
{"time":"2024-03-22T01:50:08.324989Z","level":"ERROR","msg":"check cancelled","url":"http://www.google.com","attempt":0,"err":"Get \"http://www.google.com\": context canceled"}
{"time":"2024-03-22T02:03:03.485565Z","level":"INFO","msg":"successful check","url":"http://www.google.com","statusCode":200,"duration":86486666}
{"time":"2024-03-22T02:03:03.708618Z","level":"INFO","msg":"successful check","url":"http://www.yahoo.com","statusCode":200,"duration":222617209}
{"time":"2024-03-22T02:03:04.258594Z","level":"WARN","msg":"exceeded threshold","url":"http://www.aol.com","responseTime":549717000}
{"time":"2024-03-23T02:03:05.484609Z","level":"INFO","msg":"successful check","url":"http://www.google.com","statusCode":200,"duration":85674333}
{"time":"2024-03-23T02:03:05.66009Z","level":"INFO","msg":"successful check","url":"http://www.yahoo.com","statusCode":200,"duration":175393708}
{"time":"2024-03-23T02:03:06.112027Z","level":"INFO","msg":"successful check","url":"http://www.aol.com","statusCode":200,"duration":451816375}
{"time":"2024-03-23T02:03:07.482383Z","level":"INFO","msg":"successful check","url":"http://www.google.com","statusCode":200,"duration":82252750}
{"time":"2024-03-23T02:03:07.663928Z","level":"INFO","msg":"successful check","url":"http://www.yahoo.com","statusCode":200,"duration":181327042}
{"time":"2024-03-23T02:03:08.151368Z","level":"INFO","msg":"successful check","url":"http://www.aol.com","statusCode":200,"duration":487270041}
{"time":"2024-03-24T02:03:09.491444Z","level":"INFO","msg":"successful check","url":"http://www.google.com","statusCode":200,"duration":92629875}
{"time":"2024-03-24T02:03:09.766982Z","level":"INFO","msg":"successful check","url":"http://www.yahoo.com","statusCode":200,"duration":275275208}
{"time":"2024-03-24T02:03:10.180545Z","level":"INFO","msg":"successful check","url":"http://www.aol.com","statusCode":200,"duration":413391833}
{"time":"2024-03-24T02:03:11.478756Z","level":"INFO","msg":"successful check","url":"http://www.google.com","statusCode":200,"duration":80339708}
{"time":"2024-03-24T02:03:11.616945Z","level":"INFO","msg":"successful check","url":"http://www.yahoo.com","statusCode":200,"duration":138132584}
{"time":"2024-03-24T02:03:12.058152Z","level":"INFO","msg":"successful check","url":"http://www.aol.com","statusCode":200,"duration":441131042}
{"time":"2024-03-25T02:03:13.473229Z","level":"INFO","msg":"successful check","url":"http://www.google.com","statusCode":200,"duration":74955000}
{"time":"2024-03-25T02:03:13.614269Z","level":"INFO","msg":"successful check","url":"http://www.yahoo.com","statusCode":200,"duration":140973417}
{"time":"2024-03-25T02:03:14.073772Z","level":"INFO","msg":"successful check","url":"http://www.aol.com","statusCode":200,"duration":459406250}
{"time":"2024-03-25T02:03:15.399054Z","level":"ERROR","msg":"failed to perform request","url":"http://www.google.com","err":"Get \"http://www.google.com\": context canceled"}
{"time":"2024-03-25T02:03:15.399244Z","level":"ERROR","msg":"check cancelled","url":"http://www.google.com","attempt":0,"err":"Get \"http://www.google.com\": context canceled"}
{"time":"2024-04-01T22:52:44.069661Z","level":"INFO","msg":"successful check","url":"http://www.google.com","statusCode":200,"duration":88005125}
{"time":"2024-04-01T22:57:48.054241Z","level":"INFO","msg":"successful check","url":"http://www.google.com","statusCode":200,"duration":85333250}
{"time":"2024-04-01T22:57:50.056163Z","level":"INFO","msg":"successful check","url":"http://www.google.com","statusCode":200,"duration":87772333}
{"time":"2024-04-01T22:57:52.057757Z","level":"INFO","msg":"successful check","url":"http://www.google.com","statusCode":200,"duration":88879416}
{"time":"2024-04-01T22:57:54.058546Z","level":"INFO","msg":"successful check","url":"http://www.google.com","statusCode":200,"duration":90198208}
{"time":"2024-04-01T22:57:55.968766Z","level":"ERROR","msg":"failed to perform request","url":"http://www.google.com","err":"Get \"http://www.google.com\": context canceled"}
{"time":"2024-04-01T22:57:55.968945Z","level":"ERROR","msg":"check cancelled","url":"http://www.google.com","attempt":0,"err":"Get \"http://www.google.com\": context canceled"}
time=2024-04-01T22:58:02.079Z level=INFO msg="successful check" url=http://www.google.com statusCode=200 duration=83.118542ms
time=2024-04-01T22:58:04.080Z level=INFO msg="successful check" url=http://www.google.com statusCode=200 duration=83.772083ms
time=2024-04-01T22:58:05.996Z level=ERROR msg="failed to perform request" url=http://www.google.com err="Get \"http://www.google.com\": context canceled"
time=2024-04-01T22:58:05.996Z level=ERROR msg="check cancelled" url=http://www.google.com attempt=0 err="Get \"http://www.google.com\": context canceled"
{"time":"2024-04-01T23:04:38.702961Z","level":"INFO","msg":"successful check","url":"http://www.google.com","statusCode":200,"duration":95777292}
{"time":"2024-04-01T23:04:41.489798Z","level":"INFO","msg":"successful check","url":"http://www.google.com","statusCode":200,"duration":95469250}
{"time":"2024-04-01T23:05:39.094213Z","level":"INFO","msg":"successful check","url":"http://www.google.com","statusCode":200,"duration":95522708}
{"time":"2024-04-01T23:05:40.669281Z","level":"INFO","msg":"successful check","url":"http://www.google.com","statusCode":200,"duration":77800167}
{"time":"2024-04-01T23:06:18.339085Z","level":"INFO","msg":"successful check","url":"http://www.google.com","statusCode":200,"duration":385316583}
{"time":"2024-04-01T23:06:20.424846Z","level":"INFO","msg":"successful check","url":"http://www.google.com","statusCode":200,"duration":98721084}
{"time":"2024-04-01T23:06:22.753234Z","level":"INFO","msg":"successful check","url":"http://www.google.com","statusCode":200,"duration":86036667}
{"time":"2024-04-01T23:06:23.891001Z","level":"INFO","msg":"successful check","url":"http://www.google.com","statusCode":200,"duration":80587208}
{"time":"2024-04-01T23:06:24.660669Z","level":"INFO","msg":"successful check","url":"http://www.google.com","statusCode":200,"duration":81844125}
{"time":"2024-04-01T23:06:25.612404Z","level":"INFO","msg":"successful check","url":"http://www.google.com","statusCode":200,"duration":92449333}
{"time":"2024-04-01T23:08:47.761382Z","level":"INFO","msg":"successful check","url":"http://www.google.com","statusCode":200,"duration":96279583}
{"time":"2024-04-01T23:12:10.825768Z","level":"INFO","msg":"successful check","url":"http://www.google.com","statusCode":200,"duration":81981167}
{"time":"2024-04-01T23:12:46.458211Z","level":"INFO","msg":"successful check","url":"http://www.google.com","statusCode":200,"duration":100168500}
{"time":"2024-04-01T23:12:49.246247Z","level":"INFO","msg":"successful check","url":"http://www.google.com","statusCode":200,"duration":83273625}
{"time":"2024-04-01T23:17:59.852999Z","level":"INFO","msg":"successful check","url":"http://www.google.com","statusCode":200,"duration":83825792}
{"time":"2024-04-01T23:18:13.9783Z","level":"ERROR","msg":"failed to perform request","url":"http://www.google2.com","err":"Get \"http://www.google2.com\": dial tcp: lookup www.google2.com: no such host"}
{"time":"2024-04-01T23:18:15.979551Z","level":"INFO","msg":"backing off","url":"http://www.google2.com"}
{"time":"2024-04-01T23:18:15.981453Z","level":"ERROR","msg":"failed to perform request","url":"http://www.google2.com","err":"Get \"http://www.google2.com\": dial tcp: lookup www.google2.com: no such host"}
{"time":"2024-04-01T23:18:17.982322Z","level":"INFO","msg":"backing off","url":"http://www.google2.com"}
{"time":"2024-04-01T23:18:17.983467Z","level":"ERROR","msg":"failed to perform request","url":"http://www.google2.com","err":"Get \"http://www.google2.com\": dial tcp: lookup www.google2.com: no such host"}
{"time":"2024-04-01T23:18:19.984594Z","level":"INFO","msg":"backing off","url":"http://www.google2.com"}
{"time":"2024-04-01T23:18:19.986974Z","level":"ERROR","msg":"failed to perform request","url":"http://www.google2.com","err":"Get \"http://www.google2.com\": dial tcp: lookup www.google2.com: no such host"}
{"time":"2024-04-01T23:18:20.084856Z","level":"ERROR","msg":"check cancelled","url":"http://www.google2.com","attempt":3,"err":"Get \"http://www.google2.com\": dial tcp: lookup www.google2.com: no such host"}
time=2024-04-01T23:28:51.184Z level=INFO msg="successful check" url=http://www.google.com statusCode=200 duration=91.903041ms
time=2024-04-01T23:28:51.496Z level=INFO msg="successful check" url=http://www.yahoo.com statusCode=200 duration=311.155792ms
time=2024-04-01T23:28:51.538Z level=ERROR msg="failed to perform request" url=http://www.7090j3.com err="Get \"http://www.7090j3.com\": dial tcp: lookup www.7090j3.com: no such host"
time=2024-04-01T23:28:53.538Z level=INFO msg="backing off" url=http://www.7090j3.com
time=2024-04-01T23:28:53.539Z level=ERROR msg="failed to perform request" url=http://www.7090j3.com err="Get \"http://www.7090j3.com\": dial tcp: lookup www.7090j3.com: no such host"
time=2024-04-01T23:28:55.540Z level=INFO msg="backing off" url=http://www.7090j3.com
time=2024-04-01T23:28:55.542Z level=ERROR msg="failed to perform request" url=http://www.7090j3.com err="Get \"http://www.7090j3.com\": dial tcp: lookup www.7090j3.com: no such host"
time=2024-04-01T23:28:57.543Z level=INFO msg="backing off" url=http://www.7090j3.com
time=2024-04-01T23:28:57.545Z level=ERROR msg="failed to perform request" url=http://www.7090j3.com err="Get \"http://www.7090j3.com\": dial tcp: lookup www.7090j3.com: no such host"
time=2024-04-01T23:28:59.545Z level=INFO msg="backing off" url=http://www.7090j3.com
time=2024-04-01T23:28:59.546Z level=ERROR msg="fetching error" url=http://www.7090j3.com retries=3 err="Get \"http://www.7090j3.com\": dial tcp: lookup www.7090j3.com: no such host"
time=2024-04-01T23:28:59.647Z level=INFO msg="successful check" url=http://www.google.com statusCode=200 duration=92.890083ms
time=2024-04-01T23:28:59.847Z level=INFO msg="successful check" url=http://www.yahoo.com statusCode=200 duration=199.308833ms
time=2024-04-01T23:28:59.848Z level=ERROR msg="failed to perform request" url=http://www.7090j3.com err="Get \"http://www.7090j3.com\": dial tcp: lookup www.7090j3.com: no such host"
time=2024-04-01T23:29:01.849Z level=INFO msg="backing off" url=http://www.7090j3.com
time=2024-04-01T23:29:01.850Z level=ERROR msg="failed to perform request" url=http://www.7090j3.com err="Get \"http://www.7090j3.com\": dial tcp: lookup www.7090j3.com: no such host"
time=2024-04-01T23:29:03.851Z level=INFO msg="backing off" url=http://www.7090j3.com
time=2024-04-01T23:29:03.852Z level=ERROR msg="failed to perform request" url=http://www.7090j3.com err="Get \"http://www.7090j3.com\": dial tcp: lookup www.7090j3.com: no such host"
time=2024-04-01T23:29:05.854Z level=INFO msg="backing off" url=http://www.7090j3.com
time=2024-04-01T23:29:05.856Z level=ERROR msg="failed to perform request" url=http://www.7090j3.com err="Get \"http://www.7090j3.com\": dial tcp: lookup www.7090j3.com: no such host"
time=2024-04-01T23:29:07.857Z level=INFO msg="backing off" url=http://www.7090j3.com
time=2024-04-01T23:29:07.857Z level=ERROR msg="fetching error" url=http://www.7090j3.com retries=3 err="Get \"http://www.7090j3.com\": dial tcp: lookup www.7090j3.com: no such host"
time=2024-04-01T23:29:07.940Z level=INFO msg="successful check" url=http://www.google.com statusCode=200 duration=77.329958ms
time=2024-04-01T23:29:08.105Z level=INFO msg="successful check" url=http://www.yahoo.com statusCode=200 duration=165.44025ms
time=2024-04-01T23:29:08.107Z level=ERROR msg="failed to perform request" url=http://www.7090j3.com err="Get \"http://www.7090j3.com\": dial tcp: lookup www.7090j3.com: no such host"
time=2024-04-01T23:29:09.393Z level=ERROR msg="check cancelled" url=http://www.7090j3.com attempt=0 err="Get \"http://www.7090j3.com\": dial tcp: lookup www.7090j3.com: no such host"
time=2024-04-01T23:33:31.931Z level=INFO msg="successful check" url=http://www.google.com statusCode=200 duration=102.189ms
time=2024-04-01T23:33:54.446Z level=INFO msg="successful check" url=http://www.google.com statusCode=200 duration=84.685042ms
time=2024-04-01T23:54:43.532Z level=INFO msg="successful check" url=http://www.google.com statusCode=200 duration=94.233459ms
time=2024-04-01T23:54:43.826Z level=INFO msg="successful check" url=http://www.yahoo.com statusCode=200 duration=294.2015ms
time=2024-04-01T23:54:43.892Z level=ERROR msg="failed to perform request" url=http://www.6789hgfds.com err="Get \"http://www.6789hgfds.com\": dial tcp: lookup www.6789hgfds.com: no such host"
time=2024-04-01T23:54:45.894Z level=INFO msg="backing off" url=http://www.6789hgfds.com
time=2024-04-01T23:54:45.895Z level=ERROR msg="failed to perform request" url=http://www.6789hgfds.com err="Get \"http://www.6789hgfds.com\": dial tcp: lookup www.6789hgfds.com: no such host"
time=2024-04-01T23:54:47.895Z level=INFO msg="backing off" url=http://www.6789hgfds.com
time=2024-04-01T23:54:47.898Z level=ERROR msg="failed to perform request" url=http://www.6789hgfds.com err="Get \"http://www.6789hgfds.com\": dial tcp: lookup www.6789hgfds.com: no such host"
time=2024-04-01T23:54:49.899Z level=INFO msg="backing off" url=http://www.6789hgfds.com
time=2024-04-01T23:54:49.900Z level=ERROR msg="failed to perform request" url=http://www.6789hgfds.com err="Get \"http://www.6789hgfds.com\": dial tcp: lookup www.6789hgfds.com: no such host"
time=2024-04-01T23:54:51.901Z level=INFO msg="backing off" url=http://www.6789hgfds.com
time=2024-04-01T23:54:51.901Z level=ERROR msg="fetching error" url=http://www.6789hgfds.com retries=3 err="Get \"http://www.6789hgfds.com\": dial tcp: lookup www.6789hgfds.com: no such host"
time=2024-04-01T23:54:51.994Z level=INFO msg="successful check" url=http://www.google.com statusCode=200 duration=85.175958ms
time=2024-04-01T23:54:52.443Z level=INFO msg="successful check" url=http://www.yahoo.com statusCode=200 duration=449.43975ms
time=2024-04-01T23:54:52.449Z level=ERROR msg="failed to perform request" url=http://www.6789hgfds.com err="Get \"http://www.6789hgfds.com\": dial tcp: lookup www.6789hgfds.com: no such host"
time=2024-04-01T23:54:54.450Z level=INFO msg="backing off" url=http://www.6789hgfds.com
time=2024-04-01T23:54:54.452Z level=ERROR msg="failed to perform request" url=http://www.6789hgfds.com err="Get \"http://www.6789hgfds.com\": dial tcp: lookup www.6789hgfds.com: no such host"
time=2024-04-01T23:54:56.453Z level=INFO msg="backing off" url=http://www.6789hgfds.com
time=2024-04-01T23:54:56.457Z level=ERROR msg="failed to perform request" url=http://www.6789hgfds.com err="Get \"http://www.6789hgfds.com\": dial tcp: lookup www.6789hgfds.com: no such host"
time=2024-04-01T23:54:58.458Z level=INFO msg="backing off" url=http://www.6789hgfds.com
time=2024-04-01T23:54:58.459Z level=ERROR msg="failed to perform request" url=http://www.6789hgfds.com err="Get \"http://www.6789hgfds.com\": dial tcp: lookup www.6789hgfds.com: no such host"
time=2024-04-01T23:55:00.461Z level=INFO msg="backing off" url=http://www.6789hgfds.com
time=2024-04-01T23:55:00.461Z level=ERROR msg="fetching error" url=http://www.6789hgfds.com retries=3 err="Get \"http://www.6789hgfds.com\": dial tcp: lookup www.6789hgfds.com: no such host"
time=2024-04-01T23:55:00.841Z level=INFO msg="successful check" url=http://www.google.com statusCode=200 duration=376.528ms
time=2024-04-01T23:55:01.069Z level=INFO msg="successful check" url=http://www.yahoo.com statusCode=200 duration=228.169584ms
time=2024-04-01T23:55:01.074Z level=ERROR msg="failed to perform request" url=http://www.6789hgfds.com err="Get \"http://www.6789hgfds.com\": dial tcp: lookup www.6789hgfds.com: no such host"
time=2024-04-01T23:55:03.076Z level=INFO msg="backing off" url=http://www.6789hgfds.com
time=2024-04-01T23:55:03.087Z level=ERROR msg="failed to perform request" url=http://www.6789hgfds.com err="Get \"http://www.6789hgfds.com\": dial tcp: lookup www.6789hgfds.com: no such host"
time=2024-04-01T23:55:05.088Z level=INFO msg="backing off" url=http://www.6789hgfds.com
time=2024-04-01T23:55:05.090Z level=ERROR msg="failed to perform request" url=http://www.6789hgfds.com err="Get \"http://www.6789hgfds.com\": dial tcp: lookup www.6789hgfds.com: no such host"
time=2024-04-01T23:55:06.025Z level=ERROR msg="check cancelled" url=http://www.6789hgfds.com attempt=2 err="Get \"http://www.6789hgfds.com\": dial tcp: lookup www.6789hgfds.com: no such host"
time=2024-04-01T23:56:11.885Z level=ERROR msg="failed to perform request" url=http://www.google.com err="Get \"http://www.google.com\": context canceled"
time=2024-04-01T23:56:11.885Z level=ERROR msg="check cancelled" url=http://www.google.com attempt=0 err="Get \"http://www.google.com\": context canceled"
time=2024-04-01T23:57:18.468Z level=INFO msg="successful check" url=http://www.google.com statusCode=200 duration=89.366125ms
time=2024-04-01T23:57:18.747Z level=INFO msg="successful check" url=http://www.yahoo.com statusCode=200 duration=277.989209ms
time=2024-04-01T23:57:18.753Z level=ERROR msg="failed to perform request" url=http://www.6789hgfds.com err="Get \"http://www.6789hgfds.com\": dial tcp: lookup www.6789hgfds.com: no such host"
time=2024-04-01T23:57:20.754Z level=INFO msg="backing off" url=http://www.6789hgfds.com
time=2024-04-01T23:57:20.755Z level=ERROR msg="failed to perform request" url=http://www.6789hgfds.com err="Get \"http://www.6789hgfds.com\": dial tcp: lookup www.6789hgfds.com: no such host"
time=2024-04-01T23:57:22.756Z level=INFO msg="backing off" url=http://www.6789hgfds.com
time=2024-04-01T23:57:22.758Z level=ERROR msg="failed to perform request" url=http://www.6789hgfds.com err="Get \"http://www.6789hgfds.com\": dial tcp: lookup www.6789hgfds.com: no such host"
time=2024-04-01T23:57:24.759Z level=INFO msg="backing off" url=http://www.6789hgfds.com
time=2024-04-01T23:57:24.760Z level=ERROR msg="failed to perform request" url=http://www.6789hgfds.com err="Get \"http://www.6789hgfds.com\": dial tcp: lookup www.6789hgfds.com: no such host"
time=2024-04-01T23:57:26.761Z level=INFO msg="backing off" url=http://www.6789hgfds.com
time=2024-04-01T23:57:26.761Z level=ERROR msg="fetching error" url=http://www.6789hgfds.com retries=3 err="Get \"http://www.6789hgfds.com\": dial tcp: lookup www.6789hgfds.com: no such host"
time=2024-04-01T23:57:28.861Z level=INFO msg="successful check" url=http://www.google.com statusCode=200 duration=92.867792ms
time=2024-04-01T23:57:29.103Z level=INFO msg="successful check" url=http://www.yahoo.com statusCode=200 duration=241.447791ms
time=2024-04-01T23:57:29.104Z level=ERROR msg="failed to perform request" url=http://www.6789hgfds.com err="Get \"http://www.6789hgfds.com\": dial tcp: lookup www.6789hgfds.com: no such host"
time=2024-04-01T23:57:31.105Z level=INFO msg="backing off" url=http://www.6789hgfds.com
time=2024-04-01T23:57:31.110Z level=ERROR msg="failed to perform request" url=http://www.6789hgfds.com err="Get \"http://www.6789hgfds.com\": dial tcp: lookup www.6789hgfds.com: no such host"
time=2024-04-01T23:57:33.111Z level=INFO msg="backing off" url=http://www.6789hgfds.com
time=2024-04-01T23:57:33.112Z level=ERROR msg="failed to perform request" url=http://www.6789hgfds.com err="Get \"http://www.6789hgfds.com\": dial tcp: lookup www.6789hgfds.com: no such host"
time=2024-04-01T23:57:35.114Z level=INFO msg="backing off" url=http://www.6789hgfds.com
time=2024-04-01T23:57:35.118Z level=ERROR msg="failed to perform request" url=http://www.6789hgfds.com err="Get \"http://www.6789hgfds.com\": dial tcp: lookup www.6789hgfds.com: no such host"
time=2024-04-01T23:57:37.118Z level=INFO msg="backing off" url=http://www.6789hgfds.com
time=2024-04-01T23:57:37.118Z level=ERROR msg="fetching error" url=http://www.6789hgfds.com retries=3 err="Get \"http://www.6789hgfds.com\": dial tcp: lookup www.6789hgfds.com: no such host"
time=2024-04-01T23:57:39.212Z level=INFO msg="successful check" url=http://www.google.com statusCode=200 duration=86.122ms
time=2024-04-01T23:57:39.346Z level=INFO msg="successful check" url=http://www.yahoo.com statusCode=200 duration=133.728208ms
time=2024-04-01T23:57:39.347Z level=ERROR msg="failed to perform request" url=http://www.6789hgfds.com err="Get \"http://www.6789hgfds.com\": dial tcp: lookup www.6789hgfds.com: no such host"
time=2024-04-01T23:57:41.348Z level=INFO msg="backing off" url=http://www.6789hgfds.com
time=2024-04-01T23:57:41.353Z level=ERROR msg="failed to perform request" url=http://www.6789hgfds.com err="Get \"http://www.6789hgfds.com\": dial tcp: lookup www.6789hgfds.com: no such host"
time=2024-04-01T23:57:43.354Z level=INFO msg="backing off" url=http://www.6789hgfds.com
time=2024-04-01T23:57:43.355Z level=ERROR msg="failed to perform request" url=http://www.6789hgfds.com err="Get \"http://www.6789hgfds.com\": dial tcp: lookup www.6789hgfds.com: no such host"
time=2024-04-01T23:57:45.357Z level=INFO msg="backing off" url=http://www.6789hgfds.com
time=2024-04-01T23:57:45.359Z level=ERROR msg="failed to perform request" url=http://www.6789hgfds.com err="Get \"http://www.6789hgfds.com\": dial tcp: lookup www.6789hgfds.com: no such host"
time=2024-04-01T23:57:47.359Z level=INFO msg="backing off" url=http://www.6789hgfds.com
time=2024-04-01T23:57:47.361Z level=ERROR msg="fetching error" url=http://www.6789hgfds.com retries=3 err="Get \"http://www.6789hgfds.com\": dial tcp: lookup www.6789hgfds.com: no such host"
time=2024-04-01T23:57:49.453Z level=INFO msg="successful check" url=http://www.google.com statusCode=200 duration=86.281875ms
time=2024-04-01T23:57:49.606Z level=INFO msg="successful check" url=http://www.yahoo.com statusCode=200 duration=152.25375ms
time=2024-04-01T23:57:49.610Z level=ERROR msg="failed to perform request" url=http://www.6789hgfds.com err="Get \"http://www.6789hgfds.com\": dial tcp: lookup www.6789hgfds.com: no such host"
time=2024-04-01T23:57:51.611Z level=INFO msg="backing off" url=http://www.6789hgfds.com
time=2024-04-01T23:57:51.612Z level=ERROR msg="failed to perform request" url=http://www.6789hgfds.com err="Get \"http://www.6789hgfds.com\": dial tcp: lookup www.6789hgfds.com: no such host"
time=2024-04-01T23:57:53.613Z level=INFO msg="backing off" url=http://www.6789hgfds.com
time=2024-04-01T23:57:53.614Z level=ERROR msg="failed to perform request" url=http://www.6789hgfds.com err="Get \"http://www.6789hgfds.com\": dial tcp: lookup www.6789hgfds.com: no such host"
time=2024-04-01T23:57:55.059Z level=ERROR msg="check cancelled" url=http://www.6789hgfds.com attempt=2 err="Get \"http://www.6789hgfds.com\": dial tcp: lookup www.6789hgfds.com: no such host"
time=2024-04-02T00:14:10.576Z level=INFO msg="successful check" url=http://www.google.com statusCode=200 duration=109.68075ms
time=2024-04-02T00:14:10.866Z level=INFO msg="successful check" url=http://www.yahoo.com statusCode=200 duration=288.133333ms
time=2024-04-02T00:14:10.899Z level=ERROR msg="failed to perform request" url=http://www.6789hgfds.com err="Get \"http://www.6789hgfds.com\": dial tcp: lookup www.6789hgfds.com: no such host"
time=2024-04-02T00:14:12.899Z level=INFO msg="backing off" url=http://www.6789hgfds.com
time=2024-04-02T00:14:12.901Z level=ERROR msg="failed to perform request" url=http://www.6789hgfds.com err="Get \"http://www.6789hgfds.com\": dial tcp: lookup www.6789hgfds.com: no such host"
time=2024-04-02T00:14:14.902Z level=INFO msg="backing off" url=http://www.6789hgfds.com
time=2024-04-02T00:14:14.904Z level=ERROR msg="failed to perform request" url=http://www.6789hgfds.com err="Get \"http://www.6789hgfds.com\": dial tcp: lookup www.6789hgfds.com: no such host"
time=2024-04-02T00:14:16.904Z level=INFO msg="backing off" url=http://www.6789hgfds.com
time=2024-04-02T00:14:16.906Z level=ERROR msg="failed to perform request" url=http://www.6789hgfds.com err="Get \"http://www.6789hgfds.com\": dial tcp: lookup www.6789hgfds.com: no such host"
time=2024-04-02T00:14:18.907Z level=INFO msg="backing off" url=http://www.6789hgfds.com
time=2024-04-02T00:14:18.908Z level=ERROR msg="fetching error" url=http://www.6789hgfds.com retries=3 err="Get \"http://www.6789hgfds.com\": dial tcp: lookup www.6789hgfds.com: no such host"
time=2024-04-02T00:14:19.301Z level=INFO msg="successful check" url=http://www.google.com statusCode=200 duration=384.545625ms
time=2024-04-02T00:14:19.448Z level=INFO msg="successful check" url=http://www.yahoo.com statusCode=200 duration=145.968042ms
time=2024-04-02T00:14:19.449Z level=ERROR msg="failed to perform request" url=http://www.6789hgfds.com err="Get \"http://www.6789hgfds.com\": dial tcp: lookup www.6789hgfds.com: no such host"
time=2024-04-02T00:14:21.450Z level=INFO msg="backing off" url=http://www.6789hgfds.com
time=2024-04-02T00:14:21.452Z level=ERROR msg="failed to perform request" url=http://www.6789hgfds.com err="Get \"http://www.6789hgfds.com\": dial tcp: lookup www.6789hgfds.com: no such host"
time=2024-04-02T00:14:23.453Z level=INFO msg="backing off" url=http://www.6789hgfds.com
time=2024-04-02T00:14:23.454Z level=ERROR msg="failed to perform request" url=http://www.6789hgfds.com err="Get \"http://www.6789hgfds.com\": dial tcp: lookup www.6789hgfds.com: no such host"
time=2024-04-02T00:14:25.456Z level=INFO msg="backing off" url=http://www.6789hgfds.com
time=2024-04-02T00:14:25.457Z level=ERROR msg="failed to perform request" url=http://www.6789hgfds.com err="Get \"http://www.6789hgfds.com\": dial tcp: lookup www.6789hgfds.com: no such host"
time=2024-04-02T00:14:27.020Z level=ERROR msg="check cancelled" url=http://www.6789hgfds.com attempt=3 err="Get \"http://www.6789hgfds.com\": dial tcp: lookup www.6789hgfds.com: no such host"
time=2024-04-09T04:53:52.309Z level=ERROR msg="failed to perform request" url=http://www.alkdjfskldfj.com err="Get \"http://www.alkdjfskldfj.com\": dial tcp: lookup www.alkdjfskldfj.com: no such host"
time=2024-04-09T04:53:54.311Z level=INFO msg="backing off" url=http://www.alkdjfskldfj.com
time=2024-04-09T04:53:54.313Z level=ERROR msg="failed to perform request" url=http://www.alkdjfskldfj.com err="Get \"http://www.alkdjfskldfj.com\": dial tcp: lookup www.alkdjfskldfj.com: no such host"
time=2024-04-09T04:53:56.313Z level=INFO msg="backing off" url=http://www.alkdjfskldfj.com
time=2024-04-09T04:53:56.316Z level=ERROR msg="failed to perform request" url=http://www.alkdjfskldfj.com err="Get \"http://www.alkdjfskldfj.com\": dial tcp: lookup www.alkdjfskldfj.com: no such host"
time=2024-04-09T04:53:58.317Z level=INFO msg="backing off" url=http://www.alkdjfskldfj.com
time=2024-04-09T04:53:58.320Z level=ERROR msg="failed to perform request" url=http://www.alkdjfskldfj.com err="Get \"http://www.alkdjfskldfj.com\": dial tcp: lookup www.alkdjfskldfj.com: no such host"
time=2024-04-09T04:54:00.321Z level=INFO msg="backing off" url=http://www.alkdjfskldfj.com
time=2024-04-09T04:54:00.321Z level=ERROR msg="fetching error" url=http://www.alkdjfskldfj.com retries=3 err="Get \"http://www.alkdjfskldfj.com\": dial tcp: lookup www.alkdjfskldfj.com: no such host"
time=2024-04-09T04:56:46.623Z level=ERROR msg="failed to perform request" url=http://www.alkdjfskldfj.com err="Get \"http://www.alkdjfskldfj.com\": dial tcp: lookup www.alkdjfskldfj.com: no such host"
time=2024-04-09T04:56:48.625Z level=INFO msg="backing off" url=http://www.alkdjfskldfj.com
time=2024-04-09T04:56:48.629Z level=ERROR msg="failed to perform request" url=http://www.alkdjfskldfj.com err="Get \"http://www.alkdjfskldfj.com\": dial tcp: lookup www.alkdjfskldfj.com: no such host"
time=2024-04-09T04:56:50.629Z level=INFO msg="backing off" url=http://www.alkdjfskldfj.com
time=2024-04-09T04:56:50.635Z level=ERROR msg="failed to perform request" url=http://www.alkdjfskldfj.com err="Get \"http://www.alkdjfskldfj.com\": dial tcp: lookup www.alkdjfskldfj.com: no such host"
time=2024-04-09T04:56:52.638Z level=INFO msg="backing off" url=http://www.alkdjfskldfj.com
time=2024-04-09T04:56:52.641Z level=ERROR msg="failed to perform request" url=http://www.alkdjfskldfj.com err="Get \"http://www.alkdjfskldfj.com\": dial tcp: lookup www.alkdjfskldfj.com: no such host"
time=2024-04-09T04:56:54.642Z level=INFO msg="backing off" url=http://www.alkdjfskldfj.com
time=2024-04-09T04:56:54.643Z level=ERROR msg="fetching error" url=http://www.alkdjfskldfj.com retries=3 err="Get \"http://www.alkdjfskldfj.com\": dial tcp: lookup www.alkdjfskldfj.com: no such host"
time=2024-04-09T05:01:58.085Z level=ERROR msg="failed to perform request" url=http://www.alkdjfskldfj.com err="Get \"http://www.alkdjfskldfj.com\": dial tcp: lookup www.alkdjfskldfj.com: no such host"
time=2024-04-09T05:02:00.088Z level=INFO msg="backing off" url=http://www.alkdjfskldfj.com
time=2024-04-09T05:02:00.092Z level=ERROR msg="failed to perform request" url=http://www.alkdjfskldfj.com err="Get \"http://www.alkdjfskldfj.com\": dial tcp: lookup www.alkdjfskldfj.com: no such host"
time=2024-04-09T05:02:02.095Z level=INFO msg="backing off" url=http://www.alkdjfskldfj.com
time=2024-04-09T05:02:02.104Z level=ERROR msg="failed to perform request" url=http://www.alkdjfskldfj.com err="Get \"http://www.alkdjfskldfj.com\": dial tcp: lookup www.alkdjfskldfj.com: no such host"
time=2024-04-09T05:02:04.106Z level=INFO msg="backing off" url=http://www.alkdjfskldfj.com
time=2024-04-09T05:02:04.108Z level=ERROR msg="failed to perform request" url=http://www.alkdjfskldfj.com err="Get \"http://www.alkdjfskldfj.com\": dial tcp: lookup www.alkdjfskldfj.com: no such host"
time=2024-04-09T05:02:04.633Z level=ERROR msg="check cancelled" url=http://www.alkdjfskldfj.com attempt=3 err="Get \"http://www.alkdjfskldfj.com\": dial tcp: lookup www.alkdjfskldfj.com: no such host"
time=2024-04-09T05:02:49.246Z level=ERROR msg="failed to perform request" url=http://www.alkdjfskldfj.com err="Get \"http://www.alkdjfskldfj.com\": dial tcp: lookup www.alkdjfskldfj.com: no such host"
time=2024-04-09T05:02:51.247Z level=INFO msg="backing off" url=http://www.alkdjfskldfj.com
time=2024-04-09T05:02:51.250Z level=ERROR msg="failed to perform request" url=http://www.alkdjfskldfj.com err="Get \"http://www.alkdjfskldfj.com\": dial tcp: lookup www.alkdjfskldfj.com: no such host"
time=2024-04-09T05:02:53.251Z level=INFO msg="backing off" url=http://www.alkdjfskldfj.com
time=2024-04-09T05:02:53.252Z level=ERROR msg="failed to perform request" url=http://www.alkdjfskldfj.com err="Get \"http://www.alkdjfskldfj.com\": dial tcp: lookup www.alkdjfskldfj.com: no such host"
time=2024-04-09T05:02:55.253Z level=INFO msg="backing off" url=http://www.alkdjfskldfj.com
time=2024-04-09T05:02:55.261Z level=ERROR msg="failed to perform request" url=http://www.alkdjfskldfj.com err="Get \"http://www.alkdjfskldfj.com\": dial tcp: lookup www.alkdjfskldfj.com: no such host"
time=2024-04-09T05:02:57.262Z level=INFO msg="backing off" url=http://www.alkdjfskldfj.com
time=2024-04-09T05:02:57.262Z level=ERROR msg="fetching error" url=http://www.alkdjfskldfj.com retries=3 err="Get \"http://www.alkdjfskldfj.com\": dial tcp: lookup www.alkdjfskldfj.com: no such host"
time=2024-04-09T05:08:23.002Z level=ERROR msg="failed to perform request" url=http://www.tripadvisor.com err="Get \"http://www.tripadvisor.com\": context canceled"
time=2024-04-09T05:08:23.003Z level=ERROR msg="check cancelled" url=http://www.tripadvisor.com attempt=0 err="Get \"http://www.tripadvisor.com\": context canceled"
time=2024-04-09T05:10:32.829Z level=ERROR msg="failed to perform request" url=http://www.tripadvisor.com err="Get \"http://www.tripadvisor.com\": context canceled"
time=2024-04-09T05:10:32.830Z level=ERROR msg="check cancelled" url=http://www.tripadvisor.com attempt=0 err="Get \"http://www.tripadvisor.com\": context canceled"
time=2024-04-09T05:12:12.563Z level=ERROR msg="failed to perform request" url=http://www.tripadvisor.com err="Get \"http://www.tripadvisor.com\": context canceled"
time=2024-04-09T05:12:12.565Z level=ERROR msg="check cancelled" url=http://www.tripadvisor.com attempt=0 err="Get \"http://www.tripadvisor.com\": context canceled"
time=2024-04-09T05:15:35.409Z level=ERROR msg="failed to perform request" url=http://www.tripadvisor.com err="Get \"http://www.tripadvisor.com\": context canceled"
time=2024-04-09T05:15:35.409Z level=ERROR msg="check cancelled" url=http://www.tripadvisor.com attempt=0 err="Get \"http://www.tripadvisor.com\": context canceled"
time=2024-04-09T05:15:46.205Z level=INFO msg="successful check" url=http://www.tripadvisor.com statusCode=403 duration=257.957042ms
time=2024-04-09T05:15:48.804Z level=INFO msg="successful check" url=http://www.tripadvisor.com statusCode=403 duration=215.021667ms
time=2024-04-09T05:17:21.236Z level=ERROR msg="failed to perform request" url=http://www.tripadvisor.com err="Get \"http://www.tripadvisor.com\": context canceled"
time=2024-04-09T05:17:21.236Z level=ERROR msg="check cancelled" url=http://www.tripadvisor.com attempt=0 err="Get \"http://www.tripadvisor.com\": context canceled"
time=2024-04-09T05:17:52.805Z level=ERROR msg="failed to perform request" url=http://www.tripadvisor.com err="Get \"http://www.tripadvisor.com\": context canceled"
time=2024-04-09T05:17:52.805Z level=ERROR msg="check cancelled" url=http://www.tripadvisor.com attempt=0 err="Get \"http://www.tripadvisor.com\": context canceled"
time=2024-04-09T05:18:01.589Z level=INFO msg="successful check" url=http://www.google.com statusCode=200 duration=118.619166ms
time=2024-04-09T05:18:03.837Z level=INFO msg="successful check" url=http://www.google.com statusCode=200 duration=79.022791ms
time=2024-04-09T05:18:04.959Z level=INFO msg="successful check" url=http://www.google.com statusCode=200 duration=79.706834ms
time=2024-04-09T05:18:05.777Z level=INFO msg="successful check" url=http://www.google.com statusCode=200 duration=77.490417ms
time=2024-04-09T06:05:14.236Z level=ERROR msg="failed to perform request" url=http://www.tripadvisor.com err="Get \"http://www.tripadvisor.com\": context canceled"
time=2024-04-09T06:05:14.236Z level=ERROR msg="check cancelled" url=http://www.tripadvisor.com attempt=0 err="Get \"http://www.tripadvisor.com\": context canceled"
time=2024-04-09T06:05:30.444Z level=ERROR msg="failed to perform request" url=http://www.tripadvisor.com err="Get \"http://www.tripadvisor.com\": context canceled"
time=2024-04-09T06:05:30.444Z level=ERROR msg="check cancelled" url=http://www.tripadvisor.com attempt=0 err="Get \"http://www.tripadvisor.com\": context canceled"
time=2024-04-09T23:53:06.620Z level=ERROR msg="failed to perform request" url=http://www.tripadvisor.com err="Get \"http://www.tripadvisor.com\": context canceled"
time=2024-04-09T23:53:06.621Z level=ERROR msg="check cancelled" url=http://www.tripadvisor.com attempt=0 err="Get \"http://www.tripadvisor.com\": context canceled"
time=2024-04-10T00:04:44.176Z level=ERROR msg="failed to perform request" url=http://www.tripadvisor.com err="Get \"http://www.tripadvisor.com\": read tcp 172.24.88.231:64286->72.247.101.176:80: read: connection reset by peer"
time=2024-04-10T00:04:46.178Z level=INFO msg="backing off" url=http://www.tripadvisor.com
